# JRE version: OpenJDK Runtime Environment (11.0.13) (build 11.0.13+0-b1751.21-8125866)
# Java VM: OpenJDK 64-Bit Server VM (11.0.13+0-b1751.21-8125866, mixed mode, tiered, compressed oops, g1 gc, windows-amd64)
Heap:
 garbage-first heap   total 583680K, used 287744K [0x0000000080000000, 0x0000000100000000)
  region size 1024K, 3 young (3072K), 3 survivors (3072K)
 Metaspace       used 100969K, capacity 103465K, committed 103668K, reserved 1138688K
  class space    used 13004K, capacity 13944K, committed 13976K, reserved 1048576K
GC Heap History (20 events):
Event: 17.916 GC heap after
{Heap after GC invocations=35 (full 0):
 garbage-first heap   total 225280K, used 139491K [0x0000000080000000, 0x0000000100000000)
  region size 1024K, 10 young (10240K), 10 survivors (10240K)
 Metaspace       used 94708K, capacity 97076K, committed 97268K, reserved 1134592K
  class space    used 11993K, capacity 12806K, committed 12952K, reserved 1048576K
}
Event: 18.510 GC heap before
{Heap before GC invocations=36 (full 0):
 garbage-first heap   total 225280K, used 184547K [0x0000000080000000, 0x0000000100000000)
  region size 1024K, 46 young (47104K), 10 survivors (10240K)
 Metaspace       used 98137K, capacity 100553K, committed 100852K, reserved 1136640K
  class space    used 12463K, capacity 13345K, committed 13464K, reserved 1048576K
}
Event: 18.517 GC heap after
{Heap after GC invocations=37 (full 0):
 garbage-first heap   total 270336K, used 156285K [0x0000000080000000, 0x0000000100000000)
  region size 1024K, 7 young (7168K), 7 survivors (7168K)
 Metaspace       used 98137K, capacity 100553K, committed 100852K, reserved 1136640K
  class space    used 12463K, capacity 13345K, committed 13464K, reserved 1048576K
}
Event: 18.705 GC heap before
{Heap before GC invocations=37 (full 0):
 garbage-first heap   total 270336K, used 267901K [0x0000000080000000, 0x0000000100000000)
  region size 1024K, 54 young (55296K), 7 survivors (7168K)
 Metaspace       used 98472K, capacity 100849K, committed 101108K, reserved 1136640K
  class space    used 12506K, capacity 13379K, committed 13464K, reserved 1048576K
}
Event: 18.719 GC heap after
{Heap after GC invocations=38 (full 0):
 garbage-first heap   total 293888K, used 199155K [0x0000000080000000, 0x0000000100000000)
  region size 1024K, 9 young (9216K), 9 survivors (9216K)
 Metaspace       used 98472K, capacity 100849K, committed 101108K, reserved 1136640K
  class space    used 12506K, capacity 13379K, committed 13464K, reserved 1048576K
}
Event: 18.819 GC heap before
{Heap before GC invocations=39 (full 0):
 garbage-first heap   total 293888K, used 217587K [0x0000000080000000, 0x0000000100000000)
  region size 1024K, 28 young (28672K), 9 survivors (9216K)
 Metaspace       used 98472K, capacity 100849K, committed 101108K, reserved 1136640K
  class space    used 12506K, capacity 13379K, committed 13464K, reserved 1048576K
}
Event: 18.833 GC heap after
{Heap after GC invocations=40 (full 0):
 garbage-first heap   total 293888K, used 207086K [0x0000000080000000, 0x0000000100000000)
  region size 1024K, 6 young (6144K), 6 survivors (6144K)
 Metaspace       used 98472K, capacity 100849K, committed 101108K, reserved 1136640K
  class space    used 12506K, capacity 13379K, committed 13464K, reserved 1048576K
}
Event: 19.086 GC heap before
{Heap before GC invocations=40 (full 0):
 garbage-first heap   total 293888K, used 237806K [0x0000000080000000, 0x0000000100000000)
  region size 1024K, 35 young (35840K), 6 survivors (6144K)
 Metaspace       used 98491K, capacity 100849K, committed 101108K, reserved 1136640K
  class space    used 12507K, capacity 13379K, committed 13464K, reserved 1048576K
}
Event: 19.105 GC heap after
{Heap after GC invocations=41 (full 0):
 garbage-first heap   total 293888K, used 219720K [0x0000000080000000, 0x0000000100000000)
  region size 1024K, 5 young (5120K), 5 survivors (5120K)
 Metaspace       used 98491K, capacity 100849K, committed 101108K, reserved 1136640K
  class space    used 12507K, capacity 13379K, committed 13464K, reserved 1048576K
}
Event: 19.157 GC heap before
{Heap before GC invocations=42 (full 0):
 garbage-first heap   total 293888K, used 232008K [0x0000000080000000, 0x0000000100000000)
  region size 1024K, 18 young (18432K), 5 survivors (5120K)
 Metaspace       used 98491K, capacity 100849K, committed 101108K, reserved 1136640K
  class space    used 12507K, capacity 13379K, committed 13464K, reserved 1048576K
}
Event: 19.172 GC heap after
{Heap after GC invocations=43 (full 0):
 garbage-first heap   total 293888K, used 224869K [0x0000000080000000, 0x0000000100000000)
  region size 1024K, 4 young (4096K), 4 survivors (4096K)
 Metaspace       used 98491K, capacity 100849K, committed 101108K, reserved 1136640K
  class space    used 12507K, capacity 13379K, committed 13464K, reserved 1048576K
}
Event: 19.314 GC heap before
{Heap before GC invocations=43 (full 0):
 garbage-first heap   total 293888K, used 247397K [0x0000000080000000, 0x0000000100000000)
  region size 1024K, 22 young (22528K), 4 survivors (4096K)
 Metaspace       used 98492K, capacity 100849K, committed 101108K, reserved 1136640K
  class space    used 12507K, capacity 13379K, committed 13464K, reserved 1048576K
}
Event: 19.332 GC heap after
{Heap after GC invocations=44 (full 0):
 garbage-first heap   total 353280K, used 236544K [0x0000000080000000, 0x0000000100000000)
  region size 1024K, 3 young (3072K), 3 survivors (3072K)
 Metaspace       used 98492K, capacity 100849K, committed 101108K, reserved 1136640K
  class space    used 12507K, capacity 13379K, committed 13464K, reserved 1048576K
}
Event: 19.583 GC heap before
{Heap before GC invocations=45 (full 0):
 garbage-first heap   total 353280K, used 271360K [0x0000000080000000, 0x0000000100000000)
  region size 1024K, 37 young (37888K), 3 survivors (3072K)
 Metaspace       used 100179K, capacity 102662K, committed 102900K, reserved 1138688K
  class space    used 12924K, capacity 13843K, committed 13976K, reserved 1048576K
}
Event: 19.609 GC heap after
{Heap after GC invocations=46 (full 0):
 garbage-first heap   total 353280K, used 250109K [0x0000000080000000, 0x0000000100000000)
  region size 1024K, 5 young (5120K), 5 survivors (5120K)
 Metaspace       used 100179K, capacity 102662K, committed 102900K, reserved 1138688K
  class space    used 12924K, capacity 13843K, committed 13976K, reserved 1048576K
}
Event: 19.832 GC heap before
{Heap before GC invocations=46 (full 0):
 garbage-first heap   total 353280K, used 279805K [0x0000000080000000, 0x0000000100000000)
  region size 1024K, 35 young (35840K), 5 survivors (5120K)
 Metaspace       used 100930K, capacity 103459K, committed 103668K, reserved 1138688K
  class space    used 13004K, capacity 13944K, committed 13976K, reserved 1048576K
}
Event: 19.855 GC heap after
{Heap after GC invocations=47 (full 0):
 garbage-first heap   total 353280K, used 265440K [0x0000000080000000, 0x0000000100000000)
  region size 1024K, 5 young (5120K), 5 survivors (5120K)
 Metaspace       used 100930K, capacity 103459K, committed 103668K, reserved 1138688K
  class space    used 13004K, capacity 13944K, committed 13976K, reserved 1048576K
}
Event: 19.955 GC heap before
{Heap before GC invocations=47 (full 0):
 garbage-first heap   total 353280K, used 287968K [0x0000000080000000, 0x0000000100000000)
  region size 1024K, 28 young (28672K), 5 survivors (5120K)
 Metaspace       used 100954K, capacity 103461K, committed 103668K, reserved 1138688K
  class space    used 13004K, capacity 13944K, committed 13976K, reserved 1048576K
}
Event: 19.974 GC heap after
{Heap after GC invocations=48 (full 0):
 garbage-first heap   total 353280K, used 277832K [0x0000000080000000, 0x0000000100000000)
  region size 1024K, 4 young (4096K), 4 survivors (4096K)
 Metaspace       used 100954K, capacity 103461K, committed 103668K, reserved 1138688K
  class space    used 13004K, capacity 13944K, committed 13976K, reserved 1048576K
}
Event: 20.069 GC heap before
{Heap before GC invocations=48 (full 0):
 garbage-first heap   total 353280K, used 295240K [0x0000000080000000, 0x0000000100000000)
  region size 1024K, 22 young (22528K), 4 survivors (4096K)
 Metaspace       used 100969K, capacity 103465K, committed 103668K, reserved 1138688K
  class space    used 13004K, capacity 13944K, committed 13976K, reserved 1048576K
}

