# JRE version: OpenJDK Runtime Environment (11.0.13) (build 11.0.13+0-b1751.21-8125866)
# Java VM: OpenJDK 64-Bit Server VM (11.0.13+0-b1751.21-8125866, mixed mode, tiered, compressed oops, g1 gc, windows-amd64)
Heap:
 garbage-first heap   total 273408K, used 142812K [0x0000000080000000, 0x0000000100000000)
  region size 1024K, 8 young (8192K), 3 survivors (3072K)
 Metaspace       used 101934K, capacity 104579K, committed 104872K, reserved 1140736K
  class space    used 12797K, capacity 13776K, committed 13900K, reserved 1048576K
GC Heap History (20 events):
Event: 16.797 GC heap before
{Heap before GC invocations=29 (full 0):
 garbage-first heap   total 155648K, used 127660K [0x0000000080000000, 0x0000000100000000)
  region size 1024K, 40 young (40960K), 5 survivors (5120K)
 Metaspace       used 88187K, capacity 90478K, committed 90920K, reserved 1128448K
  class space    used 11235K, capacity 12051K, committed 12236K, reserved 1048576K
}
Event: 16.806 GC heap after
{Heap after GC invocations=30 (full 0):
 garbage-first heap   total 155648K, used 94893K [0x0000000080000000, 0x0000000100000000)
  region size 1024K, 3 young (3072K), 3 survivors (3072K)
 Metaspace       used 88187K, capacity 90478K, committed 90920K, reserved 1128448K
  class space    used 11235K, capacity 12051K, committed 12236K, reserved 1048576K
}
Event: 17.263 GC heap before
{Heap before GC invocations=31 (full 0):
 garbage-first heap   total 155648K, used 128685K [0x0000000080000000, 0x0000000100000000)
  region size 1024K, 37 young (37888K), 3 survivors (3072K)
 Metaspace       used 88317K, capacity 90553K, committed 91176K, reserved 1128448K
  class space    used 11238K, capacity 12051K, committed 12236K, reserved 1048576K
}
Event: 17.270 GC heap after
{Heap after GC invocations=32 (full 0):
 garbage-first heap   total 187392K, used 97325K [0x0000000080000000, 0x0000000100000000)
  region size 1024K, 5 young (5120K), 5 survivors (5120K)
 Metaspace       used 88317K, capacity 90553K, committed 91176K, reserved 1128448K
  class space    used 11238K, capacity 12051K, committed 12236K, reserved 1048576K
}
Event: 17.567 GC heap before
{Heap before GC invocations=32 (full 0):
 garbage-first heap   total 187392K, used 144429K [0x0000000080000000, 0x0000000100000000)
  region size 1024K, 52 young (53248K), 5 survivors (5120K)
 Metaspace       used 88408K, capacity 90671K, committed 91176K, reserved 1128448K
  class space    used 11248K, capacity 12061K, committed 12236K, reserved 1048576K
}
Event: 17.576 GC heap after
{Heap after GC invocations=33 (full 0):
 garbage-first heap   total 187392K, used 100550K [0x0000000080000000, 0x0000000100000000)
  region size 1024K, 6 young (6144K), 6 survivors (6144K)
 Metaspace       used 88408K, capacity 90671K, committed 91176K, reserved 1128448K
  class space    used 11248K, capacity 12061K, committed 12236K, reserved 1048576K
}
Event: 18.034 GC heap before
{Heap before GC invocations=34 (full 0):
 garbage-first heap   total 187392K, used 147654K [0x0000000080000000, 0x0000000100000000)
  region size 1024K, 53 young (54272K), 6 survivors (6144K)
 Metaspace       used 88551K, capacity 90765K, committed 91176K, reserved 1128448K
  class space    used 11266K, capacity 12071K, committed 12236K, reserved 1048576K
}
Event: 18.042 GC heap after
{Heap after GC invocations=35 (full 0):
 garbage-first heap   total 187392K, used 103661K [0x0000000080000000, 0x0000000100000000)
  region size 1024K, 7 young (7168K), 7 survivors (7168K)
 Metaspace       used 88551K, capacity 90765K, committed 91176K, reserved 1128448K
  class space    used 11266K, capacity 12071K, committed 12236K, reserved 1048576K
}
Event: 18.352 GC heap before
{Heap before GC invocations=35 (full 0):
 garbage-first heap   total 187392K, used 150765K [0x0000000080000000, 0x0000000100000000)
  region size 1024K, 54 young (55296K), 7 survivors (7168K)
 Metaspace       used 89203K, capacity 91517K, committed 91816K, reserved 1128448K
  class space    used 11365K, capacity 12216K, committed 12364K, reserved 1048576K
}
Event: 18.365 GC heap after
{Heap after GC invocations=36 (full 0):
 garbage-first heap   total 187392K, used 107628K [0x0000000080000000, 0x0000000100000000)
  region size 1024K, 7 young (7168K), 7 survivors (7168K)
 Metaspace       used 89203K, capacity 91517K, committed 91816K, reserved 1128448K
  class space    used 11365K, capacity 12216K, committed 12364K, reserved 1048576K
}
Event: 19.086 GC heap before
{Heap before GC invocations=37 (full 0):
 garbage-first heap   total 187392K, used 152684K [0x0000000080000000, 0x0000000100000000)
  region size 1024K, 52 young (53248K), 7 survivors (7168K)
 Metaspace       used 90899K, capacity 93296K, committed 93480K, reserved 1130496K
  class space    used 11593K, capacity 12447K, committed 12492K, reserved 1048576K
}
Event: 19.102 GC heap after
{Heap after GC invocations=38 (full 0):
 garbage-first heap   total 225280K, used 116072K [0x0000000080000000, 0x0000000100000000)
  region size 1024K, 7 young (7168K), 7 survivors (7168K)
 Metaspace       used 90899K, capacity 93296K, committed 93480K, reserved 1130496K
  class space    used 11593K, capacity 12447K, committed 12492K, reserved 1048576K
}
Event: 19.776 GC heap before
{Heap before GC invocations=38 (full 0):
 garbage-first heap   total 225280K, used 146792K [0x0000000080000000, 0x0000000100000000)
  region size 1024K, 39 young (39936K), 7 survivors (7168K)
 Metaspace       used 96460K, capacity 98983K, committed 99112K, reserved 1134592K
  class space    used 12281K, capacity 13193K, committed 13260K, reserved 1048576K
}
Event: 19.798 GC heap after
{Heap after GC invocations=39 (full 0):
 garbage-first heap   total 225280K, used 120904K [0x0000000080000000, 0x0000000100000000)
  region size 1024K, 8 young (8192K), 8 survivors (8192K)
 Metaspace       used 96460K, capacity 98983K, committed 99112K, reserved 1134592K
  class space    used 12281K, capacity 13193K, committed 13260K, reserved 1048576K
}
Event: 21.435 GC heap before
{Heap before GC invocations=40 (full 0):
 garbage-first heap   total 225280K, used 171080K [0x0000000080000000, 0x0000000100000000)
  region size 1024K, 55 young (56320K), 8 survivors (8192K)
 Metaspace       used 97238K, capacity 99756K, committed 99880K, reserved 1136640K
  class space    used 12337K, capacity 13256K, committed 13260K, reserved 1048576K
}
Event: 21.449 GC heap after
{Heap after GC invocations=41 (full 0):
 garbage-first heap   total 225280K, used 135149K [0x0000000080000000, 0x0000000100000000)
  region size 1024K, 7 young (7168K), 7 survivors (7168K)
 Metaspace       used 97238K, capacity 99756K, committed 99880K, reserved 1136640K
  class space    used 12337K, capacity 13256K, committed 13260K, reserved 1048576K
}
Event: 21.643 GC heap before
{Heap before GC invocations=41 (full 0):
 garbage-first heap   total 225280K, used 143341K [0x0000000080000000, 0x0000000100000000)
  region size 1024K, 17 young (17408K), 7 survivors (7168K)
 Metaspace       used 98616K, capacity 101269K, committed 101416K, reserved 1136640K
  class space    used 12467K, capacity 13419K, committed 13516K, reserved 1048576K
}
Event: 21.653 GC heap after
{Heap after GC invocations=42 (full 0):
 garbage-first heap   total 225280K, used 137837K [0x0000000080000000, 0x0000000100000000)
  region size 1024K, 2 young (2048K), 2 survivors (2048K)
 Metaspace       used 98616K, capacity 101269K, committed 101416K, reserved 1136640K
  class space    used 12467K, capacity 13419K, committed 13516K, reserved 1048576K
}
Event: 22.157 GC heap before
{Heap before GC invocations=43 (full 0):
 garbage-first heap   total 225280K, used 170605K [0x0000000080000000, 0x0000000100000000)
  region size 1024K, 33 young (33792K), 2 survivors (2048K)
 Metaspace       used 101677K, capacity 104291K, committed 104488K, reserved 1140736K
  class space    used 12779K, capacity 13744K, committed 13772K, reserved 1048576K
}
Event: 22.163 GC heap after
{Heap after GC invocations=44 (full 0):
 garbage-first heap   total 273408K, used 138716K [0x0000000080000000, 0x0000000100000000)
  region size 1024K, 3 young (3072K), 3 survivors (3072K)
 Metaspace       used 101677K, capacity 104291K, committed 104488K, reserved 1140736K
  class space    used 12779K, capacity 13744K, committed 13772K, reserved 1048576K
}

