# JRE version: OpenJDK Runtime Environment (11.0.13) (build 11.0.13+0-b1751.21-8125866)
# Java VM: OpenJDK 64-Bit Server VM (11.0.13+0-b1751.21-8125866, mixed mode, tiered, compressed oops, g1 gc, windows-amd64)
Heap:
 garbage-first heap   total 786432K, used 319998K [0x0000000080000000, 0x0000000100000000)
  region size 1024K, 2 young (2048K), 2 survivors (2048K)
 Metaspace       used 116606K, capacity 119478K, committed 119588K, reserved 1153024K
  class space    used 14518K, capacity 15556K, committed 15564K, reserved 1048576K
GC Heap History (20 events):
Event: 25.424 GC heap after
{Heap after GC invocations=63 (full 0):
 garbage-first heap   total 324608K, used 258584K [0x0000000080000000, 0x0000000100000000)
  region size 1024K, 3 young (3072K), 3 survivors (3072K)
 Metaspace       used 116194K, capacity 119050K, committed 119076K, reserved 1153024K
  class space    used 14487K, capacity 15545K, committed 15564K, reserved 1048576K
}
Event: 25.519 GC heap before
{Heap before GC invocations=63 (full 0):
 garbage-first heap   total 324608K, used 270872K [0x0000000080000000, 0x0000000100000000)
  region size 1024K, 15 young (15360K), 3 survivors (3072K)
 Metaspace       used 116379K, capacity 119203K, committed 119332K, reserved 1153024K
  class space    used 14514K, capacity 15553K, committed 15564K, reserved 1048576K
}
Event: 25.524 GC heap after
{Heap after GC invocations=64 (full 0):
 garbage-first heap   total 324608K, used 261354K [0x0000000080000000, 0x0000000100000000)
  region size 1024K, 2 young (2048K), 2 survivors (2048K)
 Metaspace       used 116379K, capacity 119203K, committed 119332K, reserved 1153024K
  class space    used 14514K, capacity 15553K, committed 15564K, reserved 1048576K
}
Event: 25.651 GC heap before
{Heap before GC invocations=64 (full 0):
 garbage-first heap   total 324608K, used 274666K [0x0000000080000000, 0x0000000100000000)
  region size 1024K, 15 young (15360K), 2 survivors (2048K)
 Metaspace       used 116419K, capacity 119208K, committed 119332K, reserved 1153024K
  class space    used 14515K, capacity 15553K, committed 15564K, reserved 1048576K
}
Event: 25.653 GC heap after
{Heap after GC invocations=65 (full 0):
 garbage-first heap   total 324608K, used 261788K [0x0000000080000000, 0x0000000100000000)
  region size 1024K, 1 young (1024K), 1 survivors (1024K)
 Metaspace       used 116419K, capacity 119208K, committed 119332K, reserved 1153024K
  class space    used 14515K, capacity 15553K, committed 15564K, reserved 1048576K
}
Event: 25.839 GC heap before
{Heap before GC invocations=65 (full 0):
 garbage-first heap   total 324608K, used 238236K [0x0000000080000000, 0x0000000100000000)
  region size 1024K, 15 young (15360K), 1 survivors (1024K)
 Metaspace       used 116478K, capacity 119339K, committed 119588K, reserved 1153024K
  class space    used 14515K, capacity 15553K, committed 15564K, reserved 1048576K
}
Event: 25.843 GC heap after
{Heap after GC invocations=66 (full 0):
 garbage-first heap   total 324608K, used 224581K [0x0000000080000000, 0x0000000100000000)
  region size 1024K, 1 young (1024K), 1 survivors (1024K)
 Metaspace       used 116478K, capacity 119339K, committed 119588K, reserved 1153024K
  class space    used 14515K, capacity 15553K, committed 15564K, reserved 1048576K
}
Event: 25.996 GC heap before
{Heap before GC invocations=67 (full 0):
 garbage-first heap   total 324608K, used 252229K [0x0000000080000000, 0x0000000100000000)
  region size 1024K, 28 young (28672K), 1 survivors (1024K)
 Metaspace       used 116507K, capacity 119341K, committed 119588K, reserved 1153024K
  class space    used 14515K, capacity 15553K, committed 15564K, reserved 1048576K
}
Event: 26.002 GC heap after
{Heap after GC invocations=68 (full 0):
 garbage-first heap   total 324608K, used 226533K [0x0000000080000000, 0x0000000100000000)
  region size 1024K, 3 young (3072K), 3 survivors (3072K)
 Metaspace       used 116507K, capacity 119341K, committed 119588K, reserved 1153024K
  class space    used 14515K, capacity 15553K, committed 15564K, reserved 1048576K
}
Event: 26.061 GC heap before
{Heap before GC invocations=68 (full 0):
 garbage-first heap   total 324608K, used 238821K [0x0000000080000000, 0x0000000100000000)
  region size 1024K, 15 young (15360K), 3 survivors (3072K)
 Metaspace       used 116554K, capacity 119469K, committed 119588K, reserved 1153024K
  class space    used 14515K, capacity 15553K, committed 15564K, reserved 1048576K
}
Event: 26.067 GC heap after
{Heap after GC invocations=69 (full 0):
 garbage-first heap   total 324608K, used 214922K [0x0000000080000000, 0x0000000100000000)
  region size 1024K, 2 young (2048K), 2 survivors (2048K)
 Metaspace       used 116554K, capacity 119469K, committed 119588K, reserved 1153024K
  class space    used 14515K, capacity 15553K, committed 15564K, reserved 1048576K
}
Event: 26.153 GC heap before
{Heap before GC invocations=69 (full 0):
 garbage-first heap   total 324608K, used 247690K [0x0000000080000000, 0x0000000100000000)
  region size 1024K, 34 young (34816K), 2 survivors (2048K)
 Metaspace       used 116554K, capacity 119469K, committed 119588K, reserved 1153024K
  class space    used 14515K, capacity 15553K, committed 15564K, reserved 1048576K
}
Event: 26.179 GC heap after
{Heap after GC invocations=70 (full 0):
 garbage-first heap   total 414720K, used 246701K [0x0000000080000000, 0x0000000100000000)
  region size 1024K, 5 young (5120K), 5 survivors (5120K)
 Metaspace       used 116554K, capacity 119469K, committed 119588K, reserved 1153024K
  class space    used 14515K, capacity 15553K, committed 15564K, reserved 1048576K
}
Event: 26.429 GC heap before
{Heap before GC invocations=70 (full 0):
 garbage-first heap   total 414720K, used 291757K [0x0000000080000000, 0x0000000100000000)
  region size 1024K, 49 young (50176K), 5 survivors (5120K)
 Metaspace       used 116571K, capacity 119469K, committed 119588K, reserved 1153024K
  class space    used 14515K, capacity 15553K, committed 15564K, reserved 1048576K
}
Event: 26.452 GC heap after
{Heap after GC invocations=71 (full 0):
 garbage-first heap   total 414720K, used 265216K [0x0000000080000000, 0x0000000100000000)
  region size 1024K, 7 young (7168K), 7 survivors (7168K)
 Metaspace       used 116571K, capacity 119469K, committed 119588K, reserved 1153024K
  class space    used 14515K, capacity 15553K, committed 15564K, reserved 1048576K
}
Event: 26.668 GC heap before
{Heap before GC invocations=71 (full 0):
 garbage-first heap   total 414720K, used 307200K [0x0000000080000000, 0x0000000100000000)
  region size 1024K, 48 young (49152K), 7 survivors (7168K)
 Metaspace       used 116588K, capacity 119469K, committed 119588K, reserved 1153024K
  class space    used 14515K, capacity 15553K, committed 15564K, reserved 1048576K
}
Event: 26.683 GC heap after
{Heap after GC invocations=72 (full 0):
 garbage-first heap   total 414720K, used 288553K [0x0000000080000000, 0x0000000100000000)
  region size 1024K, 6 young (6144K), 6 survivors (6144K)
 Metaspace       used 116588K, capacity 119469K, committed 119588K, reserved 1153024K
  class space    used 14515K, capacity 15553K, committed 15564K, reserved 1048576K
}
Event: 26.731 GC heap before
{Heap before GC invocations=73 (full 0):
 garbage-first heap   total 414720K, used 321321K [0x0000000080000000, 0x0000000100000000)
  region size 1024K, 38 young (38912K), 6 survivors (6144K)
 Metaspace       used 116588K, capacity 119469K, committed 119588K, reserved 1153024K
  class space    used 14515K, capacity 15553K, committed 15564K, reserved 1048576K
}
Event: 26.753 GC heap after
{Heap after GC invocations=74 (full 0):
 garbage-first heap   total 414720K, used 317952K [0x0000000080000000, 0x0000000100000000)
  region size 1024K, 5 young (5120K), 5 survivors (5120K)
 Metaspace       used 116588K, capacity 119469K, committed 119588K, reserved 1153024K
  class space    used 14515K, capacity 15553K, committed 15564K, reserved 1048576K
}
Event: 26.827 GC heap before
{Heap before GC invocations=74 (full 0):
 garbage-first heap   total 414720K, used 336384K [0x0000000080000000, 0x0000000100000000)
  region size 1024K, 23 young (23552K), 5 survivors (5120K)
 Metaspace       used 116606K, capacity 119478K, committed 119588K, reserved 1153024K
  class space    used 14518K, capacity 15556K, committed 15564K, reserved 1048576K
}

